CRITICAL - 2023-10-05 07:19:00 --> Call to undefined function set_value()
in APPPATH\Views\login.php on line 23.
 1 SYSTEMPATH\View\View.php(226): include()
 2 SYSTEMPATH\View\View.php(229): CodeIgniter\View\View->CodeIgniter\View\{closure}()
 3 SYSTEMPATH\Common.php(1188): CodeIgniter\View\View->render('login', [], true)
 4 APPPATH\Controllers\UserController.php(86): view('login', [...])
 5 SYSTEMPATH\CodeIgniter.php(919): App\Controllers\UserController->signIn()
 6 SYSTEMPATH\CodeIgniter.php(494): CodeIgniter\CodeIgniter->runController(Object(App\Controllers\UserController))
 7 SYSTEMPATH\CodeIgniter.php(353): CodeIgniter\CodeIgniter->handleRequest(null, Object(Config\Cache), false)
 8 FCPATH\index.php(79): CodeIgniter\CodeIgniter->run()
 9 SYSTEMPATH\Commands\Server\rewrite.php(47): require_once('C:\\laragon\\www\\e-commerce\\public\\index.php')
CRITICAL - 2023-10-05 07:19:43 --> Call to undefined function set_value()
in APPPATH\Views\login.php on line 23.
 1 SYSTEMPATH\View\View.php(226): include()
 2 SYSTEMPATH\View\View.php(229): CodeIgniter\View\View->CodeIgniter\View\{closure}()
 3 SYSTEMPATH\Common.php(1188): CodeIgniter\View\View->render('login', [], true)
 4 APPPATH\Controllers\UserController.php(86): view('login', [...])
 5 SYSTEMPATH\CodeIgniter.php(919): App\Controllers\UserController->signIn()
 6 SYSTEMPATH\CodeIgniter.php(494): CodeIgniter\CodeIgniter->runController(Object(App\Controllers\UserController))
 7 SYSTEMPATH\CodeIgniter.php(353): CodeIgniter\CodeIgniter->handleRequest(null, Object(Config\Cache), false)
 8 FCPATH\index.php(79): CodeIgniter\CodeIgniter->run()
 9 SYSTEMPATH\Commands\Server\rewrite.php(47): require_once('C:\\laragon\\www\\e-commerce\\public\\index.php')
CRITICAL - 2023-10-05 07:24:00 --> Undefined variable $password_verify
in APPPATH\Controllers\UserController.php on line 52.
 1 APPPATH\Controllers\UserController.php(52): CodeIgniter\Debug\Exceptions->errorHandler(2, 'Undefined variable $password_verify', 'C:\\laragon\\www\\e-commerce\\app\\Controllers\\UserController.php', 52)
 2 SYSTEMPATH\CodeIgniter.php(919): App\Controllers\UserController->login()
 3 SYSTEMPATH\CodeIgniter.php(494): CodeIgniter\CodeIgniter->runController(Object(App\Controllers\UserController))
 4 SYSTEMPATH\CodeIgniter.php(353): CodeIgniter\CodeIgniter->handleRequest(null, Object(Config\Cache), false)
 5 FCPATH\index.php(79): CodeIgniter\CodeIgniter->run()
 6 SYSTEMPATH\Commands\Server\rewrite.php(47): require_once('C:\\laragon\\www\\e-commerce\\public\\index.php')
CRITICAL - 2023-10-05 07:34:00 --> syntax error, unexpected single-quoted string "/UserController/register", expecting ")"
in APPPATH\Config\Routes.php on line 14.
 1 SYSTEMPATH\CodeIgniter.php(787): CodeIgniter\Router\RouteCollection->loadRoutes()
 2 SYSTEMPATH\CodeIgniter.php(442): CodeIgniter\CodeIgniter->tryToRouteIt(null)
 3 SYSTEMPATH\CodeIgniter.php(353): CodeIgniter\CodeIgniter->handleRequest(null, Object(Config\Cache), false)
 4 FCPATH\index.php(79): CodeIgniter\CodeIgniter->run()
 5 SYSTEMPATH\Commands\Server\rewrite.php(47): require_once('C:\\laragon\\www\\e-commerce\\public\\index.php')
CRITICAL - 2023-10-05 07:37:50 --> Undefined property: App\Controllers\SigninController::$users
in APPPATH\Controllers\SigninController.php on line 45.
 1 APPPATH\Controllers\SigninController.php(45): CodeIgniter\Debug\Exceptions->errorHandler(2, 'Undefined property: App\\Controllers\\SigninController::$users', 'C:\\laragon\\www\\e-commerce\\app\\Controllers\\SigninController.php', 45)
 2 SYSTEMPATH\CodeIgniter.php(919): App\Controllers\SigninController->signIn()
 3 SYSTEMPATH\CodeIgniter.php(494): CodeIgniter\CodeIgniter->runController(Object(App\Controllers\SigninController))
 4 SYSTEMPATH\CodeIgniter.php(353): CodeIgniter\CodeIgniter->handleRequest(null, Object(Config\Cache), false)
 5 FCPATH\index.php(79): CodeIgniter\CodeIgniter->run()
 6 SYSTEMPATH\Commands\Server\rewrite.php(47): require_once('C:\\laragon\\www\\e-commerce\\public\\index.php')
